{
  "RSpec": {
    "coverage": {
      "/Users/davidgomez/turing/3module/projects/api/config/environment.rb": {
        "lines": [
          null,
          1,
          null,
          null,
          1
        ]
      },
      "/Users/davidgomez/turing/3module/projects/api/config/application.rb": {
        "lines": [
          1,
          null,
          1,
          null,
          1,
          1,
          1,
          1,
          1,
          1,
          1,
          1,
          null,
          null,
          null,
          null,
          null,
          1,
          null,
          1,
          1,
          null,
          1,
          null,
          null,
          null,
          null,
          null,
          null,
          null,
          null,
          null,
          1,
          null,
          null
        ]
      },
      "/Users/davidgomez/turing/3module/projects/api/config/boot.rb": {
        "lines": [
          1,
          null,
          1,
          1
        ]
      },
      "/Users/davidgomez/turing/3module/projects/api/config/environments/test.rb": {
        "lines": [
          1,
          null,
          null,
          null,
          null,
          null,
          null,
          1,
          null,
          null,
          null,
          null,
          1,
          null,
          null,
          1,
          1,
          null,
          null,
          null,
          null,
          1,
          1,
          null,
          null,
          1,
          null,
          null,
          1,
          null,
          null,
          1,
          null,
          1,
          null,
          null,
          null,
          null,
          1,
          null,
          null,
          1,
          null,
          null,
          null,
          null
        ]
      },
      "/Users/davidgomez/turing/3module/projects/api/config/initializers/application_controller_renderer.rb": {
        "lines": [
          null,
          null,
          null,
          null,
          null,
          null,
          null,
          null
        ]
      },
      "/Users/davidgomez/turing/3module/projects/api/config/initializers/backtrace_silencers.rb": {
        "lines": [
          null,
          null,
          null,
          null,
          null,
          null,
          null
        ]
      },
      "/Users/davidgomez/turing/3module/projects/api/config/initializers/cors.rb": {
        "lines": [
          null,
          null,
          null,
          null,
          null,
          null,
          null,
          null,
          null,
          null,
          null,
          null,
          null,
          null,
          null,
          null
        ]
      },
      "/Users/davidgomez/turing/3module/projects/api/config/initializers/filter_parameter_logging.rb": {
        "lines": [
          null,
          null,
          null,
          1
        ]
      },
      "/Users/davidgomez/turing/3module/projects/api/config/initializers/inflections.rb": {
        "lines": [
          null,
          null,
          null,
          null,
          null,
          null,
          null,
          null,
          null,
          null,
          null,
          null,
          null,
          null,
          null,
          null
        ]
      },
      "/Users/davidgomez/turing/3module/projects/api/config/initializers/mime_types.rb": {
        "lines": [
          null,
          null,
          null,
          null
        ]
      },
      "/Users/davidgomez/turing/3module/projects/api/config/initializers/wrap_parameters.rb": {
        "lines": [
          null,
          null,
          null,
          null,
          null,
          null,
          1,
          1,
          null,
          null,
          null,
          null,
          null,
          null
        ]
      },
      "/Users/davidgomez/turing/3module/projects/api/spec/factories/customers.rb": {
        "lines": [
          1,
          1,
          1,
          1,
          null,
          null
        ]
      },
      "/Users/davidgomez/turing/3module/projects/api/spec/factories/invoice_items.rb": {
        "lines": [
          1,
          1,
          1,
          1,
          1,
          1,
          null,
          null
        ]
      },
      "/Users/davidgomez/turing/3module/projects/api/spec/factories/invoices.rb": {
        "lines": [
          1,
          1,
          1,
          1,
          1,
          null,
          null
        ]
      },
      "/Users/davidgomez/turing/3module/projects/api/spec/factories/items.rb": {
        "lines": [
          1,
          1,
          1,
          1,
          1,
          1,
          null,
          null
        ]
      },
      "/Users/davidgomez/turing/3module/projects/api/spec/factories/merchants.rb": {
        "lines": [
          1,
          1,
          1,
          null,
          null
        ]
      },
      "/Users/davidgomez/turing/3module/projects/api/spec/factories/transactions.rb": {
        "lines": [
          1,
          1,
          1,
          1,
          1,
          null,
          null
        ]
      },
      "/Users/davidgomez/turing/3module/projects/api/config/routes.rb": {
        "lines": [
          1,
          null,
          null
        ]
      },
      "/Users/davidgomez/turing/3module/projects/api/app/models/customer.rb": {
        "lines": [
          1,
          1,
          null,
          1,
          1,
          1,
          1,
          null
        ]
      },
      "/Users/davidgomez/turing/3module/projects/api/app/models/application_record.rb": {
        "lines": [
          1,
          1,
          null
        ]
      },
      "/Users/davidgomez/turing/3module/projects/api/spec/models/invoice_item_spec.rb": {
        "lines": [
          1,
          null,
          1,
          null,
          null,
          1,
          2,
          2,
          null,
          null,
          1,
          2,
          2,
          null,
          null
        ]
      },
      "/Users/davidgomez/turing/3module/projects/api/app/models/invoice_item.rb": {
        "lines": [
          1,
          1,
          1,
          null,
          1,
          null
        ]
      },
      "/Users/davidgomez/turing/3module/projects/api/spec/models/invoice_spec.rb": {
        "lines": [
          1,
          null,
          1,
          null,
          null,
          1,
          2,
          null,
          null,
          1,
          2,
          2,
          2,
          2,
          2,
          null,
          null,
          null
        ]
      },
      "/Users/davidgomez/turing/3module/projects/api/app/models/invoice.rb": {
        "lines": [
          1,
          1,
          1,
          null,
          1,
          1,
          1,
          null,
          1,
          null
        ]
      },
      "/Users/davidgomez/turing/3module/projects/api/spec/models/item_spec.rb": {
        "lines": [
          1,
          null,
          1,
          null,
          null,
          1,
          2,
          2,
          2,
          null,
          null,
          1,
          2,
          2,
          2,
          2,
          null,
          null,
          null
        ]
      },
      "/Users/davidgomez/turing/3module/projects/api/app/models/item.rb": {
        "lines": [
          1,
          1,
          null,
          1,
          1,
          1,
          null,
          1,
          null
        ]
      },
      "/Users/davidgomez/turing/3module/projects/api/spec/models/merchant_spec.rb": {
        "lines": [
          1,
          null,
          1,
          null,
          null,
          1,
          2,
          null,
          null,
          1,
          2,
          2,
          2,
          2,
          2,
          null,
          null,
          null
        ]
      },
      "/Users/davidgomez/turing/3module/projects/api/app/models/merchant.rb": {
        "lines": [
          1,
          1,
          1,
          null,
          1,
          1,
          1,
          null,
          1,
          null
        ]
      },
      "/Users/davidgomez/turing/3module/projects/api/spec/models/transaction_spec.rb": {
        "lines": [
          1,
          null,
          1,
          null,
          null,
          1,
          2,
          2,
          null,
          null,
          1,
          2,
          null,
          null
        ]
      },
      "/Users/davidgomez/turing/3module/projects/api/app/models/transaction.rb": {
        "lines": [
          1,
          1,
          null,
          1,
          null
        ]
      }
    },
    "timestamp": 1580783019
  }
}
